<?xml version="1.0" encoding="UTF-8"?>
<!-- Generated by org.testng.reporters.JUnitReportReporter -->
<testsuite hostname="DESKTOP-UPN6I6H" name="testNG_api.NewTest" tests="3" failures="0" timestamp="23 Apr 2020 14:35:46 GMT" time="4.044" errors="0">
  <testcase name="addbook" time="0.520" classname="testNG_api.NewTest"/>
  <testcase name="addbook" time="0.464" classname="testNG_api.NewTest"/>
  <testcase name="addbook" time="3.060" classname="testNG_api.NewTest"/>
</testsuite> <!-- testNG_api.NewTest -->
